2019-07-29 11:39:14,222 - log.py:24 - tst - 首页-今日热卖
2019-07-29 11:39:16,431 - log.py:24 - tst - 首页-今日热卖OK
2019-07-29 11:39:19,483 - log.py:24 - tst - 首页-今日热卖
2019-07-29 11:39:21,664 - log.py:24 - tst - 首页-今日热卖OK
2019-07-29 11:39:24,734 - log.py:24 - tst - 首页-今日热卖
2019-07-29 11:39:25,434 - log.py:24 - tst - 首页-今日热卖OK
2019-07-29 11:39:28,493 - log.py:24 - tst - 首页-今日热卖
2019-07-29 11:39:28,785 - log.py:24 - tst - 首页-今日热卖OK
2019-07-29 11:39:31,823 - log.py:24 - tst - 首页-今日热卖
2019-07-29 11:39:33,504 - log.py:24 - tst - 首页-今日热卖OK
2019-07-29 11:39:36,556 - log.py:24 - tst - 首页-今日热卖
2019-07-29 11:39:37,875 - log.py:24 - tst - 首页-今日热卖OK
2019-07-29 11:39:40,933 - log.py:24 - tst - 首页-今日热卖
2019-07-29 11:39:42,550 - log.py:24 - tst - 首页-今日热卖OK
2019-07-29 11:39:45,585 - log.py:24 - tst - 首页-今日热卖
2019-07-29 11:39:46,450 - log.py:24 - tst - 首页-今日热卖OK
2019-07-29 11:39:49,491 - log.py:24 - tst - 首页-今日热卖
2019-07-29 11:39:49,907 - log.py:24 - tst - 首页-今日热卖OK
2019-07-29 11:39:52,942 - log.py:24 - tst - 首页-今日热卖
2019-07-29 11:39:53,052 - log.py:24 - tst - 首页-今日热卖OK
2019-07-29 11:39:57,540 - log.py:24 - tst - 首页-今日热卖
2019-07-29 11:39:58,455 - log.py:24 - tst - 首页-今日热卖OK
2019-07-29 11:40:01,512 - log.py:24 - tst - 首页-今日热卖
2019-07-29 11:40:01,780 - log.py:24 - tst - 首页-今日热卖OK
2019-07-29 12:19:31,111 - log.py:24 - tst - 首页
2019-07-29 12:19:37,342 - log.py:24 - tst - 首页OK
2019-07-29 12:19:37,390 - log.py:24 - tst - 首页
2019-07-29 12:19:43,466 - log.py:24 - tst - 首页OK
2019-07-29 12:19:43,505 - log.py:24 - tst - 首页
2019-07-29 12:19:44,755 - log.py:24 - tst - 首页OK
2019-07-29 12:19:44,787 - log.py:24 - tst - 首页
2019-07-29 12:19:47,542 - log.py:24 - tst - 首页OK
2019-07-29 12:19:47,585 - log.py:24 - tst - 首页
2019-07-29 12:19:50,826 - log.py:24 - tst - 首页OK
2019-07-29 12:19:50,883 - log.py:24 - tst - 首页
2019-07-29 12:19:53,376 - log.py:24 - tst - 首页OK
2019-07-29 12:19:53,422 - log.py:24 - tst - 首页
2019-07-29 12:19:55,597 - log.py:24 - tst - 首页OK
2019-07-29 12:19:55,631 - log.py:24 - tst - 首页
2019-07-29 12:19:56,852 - log.py:24 - tst - 首页OK
2019-07-29 12:19:56,941 - log.py:24 - tst - 首页
2019-07-29 12:19:59,737 - log.py:24 - tst - 首页OK
2019-07-29 12:19:59,771 - log.py:24 - tst - 首页
2019-07-29 12:20:01,135 - log.py:24 - tst - 首页OK
2019-07-29 12:20:01,205 - log.py:24 - tst - 首页
2019-07-29 12:20:04,141 - log.py:24 - tst - 首页OK
2019-07-29 14:40:36,938 - log.py:24 - tst - 分类
2019-07-29 14:44:45,540 - log.py:24 - tst - 分类
2019-07-29 14:45:55,885 - log.py:24 - tst - 分类
2019-07-29 14:48:27,505 - log.py:24 - tst - 分类
2019-07-29 14:53:59,523 - log.py:24 - tst - 分类
2019-07-29 15:00:26,188 - log.py:24 - tst - 首页
2019-07-29 15:05:34,752 - log.py:24 - tst - 首页
2019-07-29 15:09:23,468 - log.py:24 - tst - 首页-今日热卖
2019-07-29 15:11:47,635 - log.py:24 - tst - 首页-今日热卖
2019-07-29 15:19:12,965 - log.py:24 - tst - 首页-今日热卖
2019-07-29 15:31:56,176 - log.py:24 - tst - 首页-今日热卖
2019-07-29 15:33:16,097 - log.py:24 - tst - 首页-今日热卖
2019-07-29 15:34:11,315 - log.py:24 - tst - 首页-今日热卖
2019-07-29 15:44:10,396 - log.py:24 - tst - 首页-今日热卖
2019-07-29 15:50:00,317 - log.py:24 - tst - 首页-今日热卖
2019-07-29 15:55:13,384 - log.py:24 - tst - 首页-今日热卖
2019-07-29 15:56:00,284 - log.py:24 - tst - 首页-今日热卖
2019-07-29 15:56:29,722 - log.py:24 - tst - 首页-今日热卖
2019-07-29 15:57:17,490 - log.py:24 - tst - 首页
2019-07-29 15:59:06,250 - log.py:24 - tst - 首页
2019-07-29 16:00:46,003 - log.py:24 - tst - 首页
2019-07-29 16:09:28,387 - log.py:24 - tst - 首页
2019-07-29 16:09:58,017 - log.py:24 - tst - 首页
2019-07-29 16:10:03,774 - log.py:24 - tst - 首页OK
2019-07-29 16:10:03,819 - log.py:24 - tst - 首页
2019-07-29 16:10:07,349 - log.py:24 - tst - 首页OK
2019-07-29 16:10:07,403 - log.py:24 - tst - 首页
2019-07-29 16:10:09,164 - log.py:24 - tst - 首页OK
2019-07-29 16:10:09,205 - log.py:24 - tst - 首页
2019-07-29 16:10:10,414 - log.py:24 - tst - 首页OK
2019-07-29 16:10:10,497 - log.py:24 - tst - 首页
2019-07-29 16:10:13,611 - log.py:24 - tst - 首页OK
2019-07-29 16:10:13,644 - log.py:24 - tst - 首页
2019-07-29 16:10:15,184 - log.py:24 - tst - 首页OK
2019-07-29 16:10:17,440 - log.py:24 - tst - 首页
2019-07-29 16:10:18,182 - log.py:24 - tst - 首页OK
2019-07-29 16:10:18,221 - log.py:24 - tst - 首页
2019-07-29 16:10:20,113 - log.py:24 - tst - 首页OK
2019-07-29 16:10:20,161 - log.py:24 - tst - 首页
2019-07-29 16:10:22,409 - log.py:24 - tst - 首页OK
2019-07-29 16:10:22,442 - log.py:24 - tst - 首页
2019-07-29 16:10:24,201 - log.py:24 - tst - 首页OK
2019-07-29 16:10:25,343 - log.py:24 - tst - 首页
2019-07-29 16:10:27,876 - log.py:24 - tst - 首页OK
2019-07-29 16:11:03,300 - log.py:24 - tst - 分类
2019-07-29 16:11:09,248 - log.py:24 - tst - 分类OK
2019-07-29 16:11:09,288 - log.py:24 - tst - 分类
2019-07-29 16:11:10,994 - log.py:24 - tst - 分类OK
2019-07-29 16:11:11,036 - log.py:24 - tst - 分类
2019-07-29 16:11:13,062 - log.py:24 - tst - 分类OK
2019-07-29 16:11:13,096 - log.py:24 - tst - 分类
2019-07-29 16:11:14,394 - log.py:24 - tst - 分类OK
2019-07-29 16:11:14,425 - log.py:24 - tst - 分类
2019-07-29 16:11:15,907 - log.py:24 - tst - 分类OK
2019-07-29 16:11:15,943 - log.py:24 - tst - 分类
2019-07-29 16:11:18,249 - log.py:24 - tst - 分类OK
2019-07-29 16:11:18,287 - log.py:24 - tst - 分类
2019-07-29 16:11:19,949 - log.py:24 - tst - 分类OK
2019-07-29 16:11:19,981 - log.py:24 - tst - 分类
2019-07-29 16:11:29,457 - log.py:24 - tst - 分类OK
2019-07-29 16:11:29,490 - log.py:24 - tst - 分类
2019-07-29 16:11:30,394 - log.py:24 - tst - 分类OK
2019-07-29 16:11:30,472 - log.py:24 - tst - 分类
2019-07-29 16:11:32,351 - log.py:24 - tst - 分类OK
2019-07-29 16:11:32,380 - log.py:24 - tst - 分类
2019-07-29 16:11:33,670 - log.py:24 - tst - 分类OK
2019-07-29 16:11:33,701 - log.py:24 - tst - 分类
2019-07-29 16:11:35,151 - log.py:24 - tst - 分类OK
2019-07-29 16:11:35,181 - log.py:24 - tst - 分类
2019-07-29 16:11:36,720 - log.py:24 - tst - 分类OK
2019-07-29 16:11:36,752 - log.py:24 - tst - 分类
2019-07-29 16:11:38,323 - log.py:24 - tst - 分类OK
2019-07-29 16:11:38,359 - log.py:24 - tst - 分类
2019-07-29 16:11:39,499 - log.py:24 - tst - 分类OK
2019-07-29 16:11:39,526 - log.py:24 - tst - 分类
2019-07-29 16:11:40,979 - log.py:24 - tst - 分类OK
2019-07-29 16:11:41,011 - log.py:24 - tst - 分类
2019-07-29 16:11:42,671 - log.py:24 - tst - 分类OK
2019-07-29 16:11:42,703 - log.py:24 - tst - 分类
2019-07-29 16:11:44,206 - log.py:24 - tst - 分类OK
2019-07-29 16:11:44,234 - log.py:24 - tst - 分类
2019-07-29 16:11:45,681 - log.py:24 - tst - 分类OK
2019-07-29 16:11:45,711 - log.py:24 - tst - 分类
2019-07-29 16:11:47,176 - log.py:24 - tst - 分类OK
2019-07-29 16:11:47,208 - log.py:24 - tst - 分类
2019-07-29 16:11:49,327 - log.py:24 - tst - 分类OK
2019-07-29 16:11:49,361 - log.py:24 - tst - 分类
2019-07-29 16:11:51,621 - log.py:24 - tst - 分类OK
2019-07-29 16:11:51,653 - log.py:24 - tst - 分类
2019-07-29 16:11:52,941 - log.py:24 - tst - 分类OK
2019-07-29 16:11:52,969 - log.py:24 - tst - 分类
2019-07-29 16:11:54,806 - log.py:24 - tst - 分类OK
2019-07-29 16:11:54,838 - log.py:24 - tst - 分类
2019-07-29 16:11:55,799 - log.py:24 - tst - 分类OK
2019-07-29 16:11:55,832 - log.py:24 - tst - 分类
2019-07-29 16:11:57,519 - log.py:24 - tst - 分类OK
2019-07-29 16:11:57,550 - log.py:24 - tst - 分类
2019-07-29 16:11:58,696 - log.py:24 - tst - 分类OK
2019-07-29 16:13:45,703 - log.py:24 - tst - 分类
2019-07-29 16:13:51,801 - log.py:24 - tst - 分类OK
2019-07-29 16:13:51,881 - log.py:24 - tst - 分类
2019-07-29 16:13:54,395 - log.py:24 - tst - 分类OK
2019-07-29 16:13:54,434 - log.py:24 - tst - 分类
2019-07-29 16:13:56,412 - log.py:24 - tst - 分类OK
2019-07-29 16:13:56,449 - log.py:24 - tst - 分类
2019-07-29 16:13:58,058 - log.py:24 - tst - 分类OK
2019-07-29 16:13:58,124 - log.py:24 - tst - 分类
2019-07-29 16:13:59,544 - log.py:24 - tst - 分类OK
2019-07-29 16:13:59,574 - log.py:24 - tst - 分类
2019-07-29 16:14:01,035 - log.py:24 - tst - 分类OK
2019-07-29 16:14:01,068 - log.py:24 - tst - 分类
2019-07-29 16:14:02,531 - log.py:24 - tst - 分类OK
2019-07-29 16:14:02,559 - log.py:24 - tst - 分类
2019-07-29 16:14:31,706 - log.py:24 - tst - 分类OK
2019-07-29 16:14:31,736 - log.py:24 - tst - 分类
2019-07-29 16:14:33,851 - log.py:24 - tst - 分类OK
2019-07-29 16:14:33,883 - log.py:24 - tst - 分类
2019-07-29 16:14:35,488 - log.py:24 - tst - 分类OK
2019-07-29 16:14:35,516 - log.py:24 - tst - 分类
2019-07-29 16:14:36,739 - log.py:24 - tst - 分类OK
2019-07-29 16:14:36,767 - log.py:24 - tst - 分类
2019-07-29 16:14:38,356 - log.py:24 - tst - 分类OK
2019-07-29 16:14:38,385 - log.py:24 - tst - 分类
2019-07-29 16:14:39,684 - log.py:24 - tst - 分类OK
2019-07-29 16:14:39,721 - log.py:24 - tst - 分类
2019-07-29 16:14:41,371 - log.py:24 - tst - 分类OK
2019-07-29 16:14:41,404 - log.py:24 - tst - 分类
2019-07-29 16:14:42,618 - log.py:24 - tst - 分类OK
2019-07-29 16:14:42,646 - log.py:24 - tst - 分类
2019-07-29 16:14:43,967 - log.py:24 - tst - 分类OK
2019-07-29 16:14:43,996 - log.py:24 - tst - 分类
2019-07-29 16:14:46,120 - log.py:24 - tst - 分类OK
2019-07-29 16:14:46,176 - log.py:24 - tst - 分类
2019-07-29 16:14:48,422 - log.py:24 - tst - 分类OK
2019-07-29 16:14:48,467 - log.py:24 - tst - 分类
2019-07-29 16:14:49,628 - log.py:24 - tst - 分类OK
2019-07-29 16:14:49,656 - log.py:24 - tst - 分类
2019-07-29 16:14:51,431 - log.py:24 - tst - 分类OK
2019-07-29 16:14:51,483 - log.py:24 - tst - 分类
2019-07-29 16:14:52,771 - log.py:24 - tst - 分类OK
2019-07-29 16:14:52,803 - log.py:24 - tst - 分类
2019-07-29 16:14:54,663 - log.py:24 - tst - 分类OK
2019-07-29 16:14:54,689 - log.py:24 - tst - 分类
2019-07-29 16:14:56,098 - log.py:24 - tst - 分类OK
2019-07-29 16:14:56,125 - log.py:24 - tst - 分类
2019-07-29 16:14:57,801 - log.py:24 - tst - 分类OK
2019-07-29 16:14:57,833 - log.py:24 - tst - 分类
2019-07-29 16:14:59,134 - log.py:24 - tst - 分类OK
2019-07-29 16:14:59,175 - log.py:24 - tst - 分类
2019-07-29 16:15:01,125 - log.py:24 - tst - 分类OK
2019-07-29 16:15:01,154 - log.py:24 - tst - 分类
2019-07-29 16:15:02,743 - log.py:24 - tst - 分类OK
2019-07-29 16:15:28,820 - log.py:24 - tst - 分类
2019-07-29 16:15:34,190 - log.py:24 - tst - 分类OK
2019-07-29 16:15:34,240 - log.py:24 - tst - 分类
2019-07-29 16:15:36,454 - log.py:24 - tst - 分类OK
2019-07-29 16:15:36,502 - log.py:24 - tst - 分类
2019-07-29 16:15:38,567 - log.py:24 - tst - 分类OK
2019-07-29 16:15:38,604 - log.py:24 - tst - 分类
2019-07-29 16:15:39,828 - log.py:24 - tst - 分类OK
2019-07-29 16:15:39,859 - log.py:24 - tst - 分类
2019-07-29 16:15:41,333 - log.py:24 - tst - 分类OK
2019-07-29 16:15:41,366 - log.py:24 - tst - 分类
2019-07-29 16:15:43,227 - log.py:24 - tst - 分类OK
2019-07-29 16:15:43,261 - log.py:24 - tst - 分类
2019-07-29 16:15:44,795 - log.py:24 - tst - 分类OK
2019-07-29 16:15:44,823 - log.py:24 - tst - 分类
2019-07-29 16:15:45,966 - log.py:24 - tst - 分类OK
2019-07-29 16:15:46,002 - log.py:24 - tst - 分类
2019-07-29 16:15:47,606 - log.py:24 - tst - 分类OK
2019-07-29 16:15:47,641 - log.py:24 - tst - 分类
2019-07-29 16:15:49,243 - log.py:24 - tst - 分类OK
2019-07-29 16:15:49,303 - log.py:24 - tst - 分类
2019-07-29 16:15:51,474 - log.py:24 - tst - 分类OK
2019-07-29 16:15:51,522 - log.py:24 - tst - 分类
2019-07-29 16:15:52,842 - log.py:24 - tst - 分类OK
2019-07-29 16:15:52,869 - log.py:24 - tst - 分类
2019-07-29 16:15:54,873 - log.py:24 - tst - 分类OK
2019-07-29 16:15:54,905 - log.py:24 - tst - 分类
2019-07-29 16:15:56,115 - log.py:24 - tst - 分类OK
2019-07-29 16:15:56,156 - log.py:24 - tst - 分类
2019-07-29 16:15:57,835 - log.py:24 - tst - 分类OK
2019-07-29 16:15:57,865 - log.py:24 - tst - 分类
2019-07-29 16:15:59,627 - log.py:24 - tst - 分类OK
2019-07-29 16:16:01,253 - log.py:24 - tst - 分类
2019-07-29 16:16:01,623 - log.py:24 - tst - 分类OK
2019-07-29 16:16:01,659 - log.py:24 - tst - 分类
2019-07-29 16:16:03,484 - log.py:24 - tst - 分类OK
2019-07-29 16:16:03,516 - log.py:24 - tst - 分类
2019-07-29 16:16:05,767 - log.py:24 - tst - 分类OK
2019-07-29 16:16:05,797 - log.py:24 - tst - 分类
2019-07-29 16:16:07,025 - log.py:24 - tst - 分类OK
2019-07-29 16:16:07,059 - log.py:24 - tst - 分类
2019-07-29 16:16:08,683 - log.py:24 - tst - 分类OK
2019-07-29 16:16:08,715 - log.py:24 - tst - 分类
2019-07-29 16:16:10,013 - log.py:24 - tst - 分类OK
2019-07-29 16:16:10,042 - log.py:24 - tst - 分类
2019-07-29 16:16:11,526 - log.py:24 - tst - 分类OK
2019-07-29 16:16:11,556 - log.py:24 - tst - 分类
2019-07-29 16:16:12,783 - log.py:24 - tst - 分类OK
2019-07-29 16:16:12,810 - log.py:24 - tst - 分类
2019-07-29 16:16:14,429 - log.py:24 - tst - 分类OK
2019-07-29 16:16:14,459 - log.py:24 - tst - 分类
2019-07-29 16:16:15,391 - log.py:24 - tst - 分类OK
2019-07-29 16:16:15,427 - log.py:24 - tst - 分类
2019-07-29 16:16:17,204 - log.py:24 - tst - 分类OK
2019-07-29 16:16:17,239 - log.py:24 - tst - 分类
2019-07-29 16:16:18,772 - log.py:24 - tst - 分类OK
2019-07-29 18:17:09,482 - log.py:24 - tst - 首页
2019-07-29 18:17:15,316 - log.py:24 - tst - 首页OK
2019-07-29 18:17:15,357 - log.py:24 - tst - 首页
2019-07-29 18:17:18,770 - log.py:24 - tst - 首页OK
2019-07-29 18:17:18,820 - log.py:24 - tst - 首页
2019-07-29 18:17:20,690 - log.py:24 - tst - 首页OK
2019-07-29 18:17:20,732 - log.py:24 - tst - 首页
2019-07-29 18:17:23,698 - log.py:24 - tst - 首页OK
2019-07-29 18:17:23,760 - log.py:24 - tst - 首页
2019-07-29 18:17:24,731 - log.py:24 - tst - 首页OK
2019-07-29 18:17:24,788 - log.py:24 - tst - 首页
2019-07-29 18:17:26,859 - log.py:24 - tst - 首页OK
2019-07-29 18:17:28,276 - log.py:24 - tst - 首页
2019-07-29 18:17:30,008 - log.py:24 - tst - 首页OK
2019-07-29 18:17:30,056 - log.py:24 - tst - 首页
2019-07-29 18:17:32,116 - log.py:24 - tst - 首页OK
2019-07-29 18:17:32,768 - log.py:24 - tst - 首页
2019-07-29 18:17:35,110 - log.py:24 - tst - 首页OK
2019-07-29 18:17:36,302 - log.py:24 - tst - 首页
2019-07-29 18:17:37,139 - log.py:24 - tst - 首页OK
2019-07-29 18:17:37,196 - log.py:24 - tst - 首页
2019-07-29 18:17:39,682 - log.py:24 - tst - 首页OK
2019-07-29 18:17:50,379 - log.py:24 - tst - 分类
2019-07-29 18:17:56,127 - log.py:24 - tst - 分类OK
2019-07-29 18:17:56,183 - log.py:24 - tst - 分类
2019-07-29 18:17:57,813 - log.py:24 - tst - 分类OK
2019-07-29 18:17:57,852 - log.py:24 - tst - 分类
2019-07-29 18:17:59,906 - log.py:24 - tst - 分类OK
2019-07-29 18:17:59,946 - log.py:24 - tst - 分类
2019-07-29 18:18:01,226 - log.py:24 - tst - 分类OK
2019-07-29 18:18:01,257 - log.py:24 - tst - 分类
2019-07-29 18:18:02,814 - log.py:24 - tst - 分类OK
2019-07-29 18:18:02,843 - log.py:24 - tst - 分类
2019-07-29 18:18:05,151 - log.py:24 - tst - 分类OK
2019-07-29 18:18:05,188 - log.py:24 - tst - 分类
2019-07-29 18:18:06,891 - log.py:24 - tst - 分类OK
2019-07-29 18:18:06,921 - log.py:24 - tst - 分类
2019-07-29 18:18:08,471 - log.py:24 - tst - 分类OK
2019-07-29 18:18:08,501 - log.py:24 - tst - 分类
2019-07-29 18:18:09,960 - log.py:24 - tst - 分类OK
2019-07-29 18:18:09,993 - log.py:24 - tst - 分类
2019-07-29 18:18:11,564 - log.py:24 - tst - 分类OK
2019-07-29 18:18:11,595 - log.py:24 - tst - 分类
2019-07-29 18:18:13,229 - log.py:24 - tst - 分类OK
2019-07-29 18:18:13,265 - log.py:24 - tst - 分类
2019-07-29 18:18:14,628 - log.py:24 - tst - 分类OK
2019-07-29 18:18:14,662 - log.py:24 - tst - 分类
2019-07-29 18:18:16,060 - log.py:24 - tst - 分类OK
2019-07-29 18:18:16,091 - log.py:24 - tst - 分类
2019-07-29 18:18:17,625 - log.py:24 - tst - 分类OK
2019-07-29 18:18:17,657 - log.py:24 - tst - 分类
2019-07-29 18:18:19,265 - log.py:24 - tst - 分类OK
2019-07-29 18:18:19,294 - log.py:24 - tst - 分类
2019-07-29 18:18:20,527 - log.py:24 - tst - 分类OK
2019-07-29 18:18:20,554 - log.py:24 - tst - 分类
2019-07-29 18:18:21,963 - log.py:24 - tst - 分类OK
2019-07-29 18:18:21,995 - log.py:24 - tst - 分类
2019-07-29 18:18:23,394 - log.py:24 - tst - 分类OK
2019-07-29 18:18:23,427 - log.py:24 - tst - 分类
2019-07-29 18:18:24,913 - log.py:24 - tst - 分类OK
2019-07-29 18:18:24,943 - log.py:24 - tst - 分类
2019-07-29 18:18:26,357 - log.py:24 - tst - 分类OK
2019-07-29 18:18:26,385 - log.py:24 - tst - 分类
2019-07-29 18:18:27,820 - log.py:24 - tst - 分类OK
2019-07-29 18:18:27,851 - log.py:24 - tst - 分类
2019-07-29 18:18:29,154 - log.py:24 - tst - 分类OK
2019-07-29 18:18:29,187 - log.py:24 - tst - 分类
2019-07-29 18:18:30,735 - log.py:24 - tst - 分类OK
2019-07-29 18:18:30,765 - log.py:24 - tst - 分类
2019-07-29 18:18:32,546 - log.py:24 - tst - 分类OK
2019-07-29 18:18:32,572 - log.py:24 - tst - 分类
2019-07-29 18:18:34,021 - log.py:24 - tst - 分类OK
2019-07-29 18:18:34,053 - log.py:24 - tst - 分类
2019-07-29 18:18:35,168 - log.py:24 - tst - 分类OK
2019-07-29 18:18:35,205 - log.py:24 - tst - 分类
2019-07-29 18:18:36,953 - log.py:24 - tst - 分类OK
2019-07-29 18:18:36,987 - log.py:24 - tst - 分类
2019-07-29 18:18:38,614 - log.py:24 - tst - 分类OK
2019-07-30 11:51:42,188 - log.py:24 - tst - 蜂巢
2019-07-30 11:51:49,366 - log.py:24 - tst - 蜂巢OK
2019-07-30 11:51:51,042 - log.py:24 - tst - 蜂巢
2019-07-30 11:51:51,820 - log.py:24 - tst - 蜂巢OK
2019-07-30 12:00:02,718 - log.py:24 - tst - 首页
2019-07-30 12:00:09,514 - log.py:24 - tst - 首页OK
2019-07-30 12:00:09,598 - log.py:24 - tst - 首页
2019-07-30 12:00:20,378 - log.py:24 - tst - 首页OK
2019-07-30 12:00:21,907 - log.py:24 - tst - 首页
2019-07-30 12:00:24,765 - log.py:24 - tst - 首页OK
2019-07-30 12:00:24,816 - log.py:24 - tst - 首页
2019-07-30 12:00:25,625 - log.py:24 - tst - 首页OK
2019-07-30 12:00:25,713 - log.py:24 - tst - 首页
2019-07-30 12:00:26,463 - log.py:24 - tst - 首页OK
2019-07-30 12:00:27,089 - log.py:24 - tst - 首页
2019-07-30 12:00:28,655 - log.py:24 - tst - 首页OK
2019-07-30 12:00:28,753 - log.py:24 - tst - 首页
2019-07-30 12:00:29,010 - log.py:24 - tst - 首页OK
2019-07-30 12:00:29,079 - log.py:24 - tst - 首页
2019-07-30 12:01:11,023 - log.py:24 - tst - 首页-今日热卖
2019-07-30 12:01:18,056 - log.py:24 - tst - 首页-今日热卖OK
2019-07-30 12:01:18,153 - log.py:24 - tst - 首页-今日热卖
2019-07-30 12:04:26,653 - log.py:24 - tst - 分类
2019-07-30 12:04:33,333 - log.py:24 - tst - 分类OK
2019-07-30 12:04:33,409 - log.py:24 - tst - 分类
2019-07-30 12:04:35,718 - log.py:24 - tst - 分类OK
2019-07-30 12:04:35,779 - log.py:24 - tst - 分类
2019-07-30 12:04:37,146 - log.py:24 - tst - 分类OK
2019-07-30 12:04:37,216 - log.py:24 - tst - 分类
2019-07-30 12:04:40,446 - log.py:24 - tst - 分类OK
2019-07-30 12:04:41,760 - log.py:24 - tst - 分类
2019-07-30 12:04:42,079 - log.py:24 - tst - 分类OK
2019-07-30 12:04:54,485 - log.py:24 - tst - 分类
2019-07-30 12:05:01,318 - log.py:24 - tst - 分类OK
2019-07-30 12:05:01,387 - log.py:24 - tst - 分类
2019-07-30 12:05:03,514 - log.py:24 - tst - 分类OK
2019-07-30 12:05:03,578 - log.py:24 - tst - 分类
2019-07-30 12:05:05,167 - log.py:24 - tst - 分类OK
2019-07-30 12:05:05,255 - log.py:24 - tst - 分类
2019-07-30 12:05:07,081 - log.py:24 - tst - 分类OK
2019-07-30 12:05:07,154 - log.py:24 - tst - 分类
2019-07-30 12:05:08,230 - log.py:24 - tst - 分类OK
2019-07-30 12:05:19,110 - log.py:24 - tst - 分类
2019-07-30 12:05:25,093 - log.py:24 - tst - 分类OK
2019-07-30 12:05:25,156 - log.py:24 - tst - 分类
2019-07-30 12:05:48,035 - log.py:24 - tst - 分类OK
2019-07-30 12:05:48,089 - log.py:24 - tst - 分类
2019-07-30 12:05:49,653 - log.py:24 - tst - 分类OK
2019-07-30 12:05:49,737 - log.py:24 - tst - 分类
2019-07-30 12:05:52,058 - log.py:24 - tst - 分类OK
2019-07-30 12:05:52,144 - log.py:24 - tst - 分类
2019-07-30 12:05:53,112 - log.py:24 - tst - 分类OK
2019-07-30 12:06:03,871 - log.py:24 - tst - 分类
2019-07-30 12:06:09,092 - log.py:24 - tst - 分类OK
2019-07-30 12:06:09,159 - log.py:24 - tst - 分类
2019-07-30 12:06:18,156 - log.py:24 - tst - 分类OK
2019-07-30 12:06:18,213 - log.py:24 - tst - 分类
2019-07-30 12:06:20,632 - log.py:24 - tst - 分类OK
2019-07-30 12:06:20,698 - log.py:24 - tst - 分类
2019-07-30 12:06:22,735 - log.py:24 - tst - 分类OK
2019-07-30 12:06:33,658 - log.py:24 - tst - 分类
2019-07-30 12:06:39,172 - log.py:24 - tst - 分类OK
2019-07-30 12:06:39,282 - log.py:24 - tst - 分类
2019-07-30 12:06:47,580 - log.py:24 - tst - 分类OK
2019-07-30 12:06:47,646 - log.py:24 - tst - 分类
2019-07-30 12:06:49,129 - log.py:24 - tst - 分类OK
2019-07-30 12:06:49,188 - log.py:24 - tst - 分类
2019-07-30 12:06:51,536 - log.py:24 - tst - 分类OK
2019-07-30 12:06:51,609 - log.py:24 - tst - 分类
2019-07-30 12:06:52,684 - log.py:24 - tst - 分类OK
2019-07-30 12:07:03,439 - log.py:24 - tst - 分类
2019-07-30 12:07:09,221 - log.py:24 - tst - 分类OK
2019-07-30 12:07:09,588 - log.py:24 - tst - 分类
2019-07-30 12:07:17,012 - log.py:24 - tst - 分类OK
2019-07-30 12:07:17,065 - log.py:24 - tst - 分类
2019-07-30 12:07:18,473 - log.py:24 - tst - 分类OK
2019-07-30 12:07:18,524 - log.py:24 - tst - 分类
2019-07-30 12:07:20,914 - log.py:24 - tst - 分类OK
2019-07-30 12:07:20,972 - log.py:24 - tst - 分类
2019-07-30 12:07:22,056 - log.py:24 - tst - 分类OK
2019-07-30 12:07:33,238 - log.py:24 - tst - 分类
2019-07-30 12:07:40,613 - log.py:24 - tst - 分类OK
2019-07-30 12:07:40,671 - log.py:24 - tst - 分类
2019-07-30 12:08:07,860 - log.py:24 - tst - 分类OK
2019-07-30 12:08:07,908 - log.py:24 - tst - 分类
2019-07-30 12:08:09,107 - log.py:24 - tst - 分类OK
2019-07-30 12:08:09,152 - log.py:24 - tst - 分类
2019-07-30 12:08:12,029 - log.py:24 - tst - 分类OK
2019-07-30 12:08:12,077 - log.py:24 - tst - 分类
2019-07-30 12:08:13,097 - log.py:24 - tst - 分类OK
2019-07-30 13:35:48,079 - log.py:24 - tst - 分类
2019-07-30 13:35:54,788 - log.py:24 - tst - 分类OK
2019-07-30 13:35:57,867 - log.py:24 - tst - 分类
2019-07-30 13:35:58,470 - log.py:24 - tst - 分类OK
2019-07-30 13:36:01,527 - log.py:24 - tst - 分类
2019-07-30 13:36:02,240 - log.py:24 - tst - 分类OK
2019-07-30 13:36:05,291 - log.py:24 - tst - 分类
2019-07-30 13:36:05,616 - log.py:24 - tst - 分类OK
2019-07-30 13:36:08,674 - log.py:24 - tst - 分类
2019-07-30 13:36:08,985 - log.py:24 - tst - 分类OK
2019-07-30 13:36:23,778 - log.py:24 - tst - 分类
2019-07-30 13:36:30,419 - log.py:24 - tst - 分类OK
2019-07-30 13:36:33,485 - log.py:24 - tst - 分类
2019-07-30 13:36:34,173 - log.py:24 - tst - 分类OK
2019-07-30 13:36:37,238 - log.py:24 - tst - 分类
2019-07-30 13:36:37,813 - log.py:24 - tst - 分类OK
2019-07-30 13:36:40,873 - log.py:24 - tst - 分类
2019-07-30 13:36:41,212 - log.py:24 - tst - 分类OK
2019-07-30 13:36:44,268 - log.py:24 - tst - 分类
2019-07-30 13:36:44,653 - log.py:24 - tst - 分类OK
2019-07-30 13:36:58,792 - log.py:24 - tst - 分类
2019-07-30 13:37:05,215 - log.py:24 - tst - 分类OK
2019-07-30 13:37:08,312 - log.py:24 - tst - 分类
2019-07-30 13:37:08,873 - log.py:24 - tst - 分类OK
2019-07-30 13:37:11,939 - log.py:24 - tst - 分类
2019-07-30 13:37:12,431 - log.py:24 - tst - 分类OK
2019-07-30 13:37:15,494 - log.py:24 - tst - 分类
2019-07-30 13:37:15,847 - log.py:24 - tst - 分类OK
2019-07-30 13:37:18,907 - log.py:24 - tst - 分类
2019-07-30 13:37:19,312 - log.py:24 - tst - 分类OK
2019-07-30 13:37:34,025 - log.py:24 - tst - 分类
2019-07-30 13:37:40,393 - log.py:24 - tst - 分类OK
2019-07-30 13:37:43,509 - log.py:24 - tst - 分类
2019-07-30 13:37:44,114 - log.py:24 - tst - 分类OK
2019-07-30 13:37:47,176 - log.py:24 - tst - 分类
2019-07-30 13:37:47,622 - log.py:24 - tst - 分类OK
2019-07-30 13:37:50,696 - log.py:24 - tst - 分类
2019-07-30 13:37:51,079 - log.py:24 - tst - 分类OK
2019-07-30 13:38:05,635 - log.py:24 - tst - 分类
2019-07-30 13:38:12,243 - log.py:24 - tst - 分类OK
2019-07-30 13:38:15,308 - log.py:24 - tst - 分类
2019-07-30 13:38:15,962 - log.py:24 - tst - 分类OK
2019-07-30 13:38:19,029 - log.py:24 - tst - 分类
2019-07-30 13:38:19,671 - log.py:24 - tst - 分类OK
2019-07-30 13:38:22,735 - log.py:24 - tst - 分类
2019-07-30 13:38:23,153 - log.py:24 - tst - 分类OK
2019-07-30 13:38:26,208 - log.py:24 - tst - 分类
2019-07-30 13:38:26,537 - log.py:24 - tst - 分类OK
2019-07-30 13:38:40,828 - log.py:24 - tst - 分类
2019-07-30 13:38:47,236 - log.py:24 - tst - 分类OK
2019-07-30 13:38:50,318 - log.py:24 - tst - 分类
2019-07-30 13:38:50,964 - log.py:24 - tst - 分类OK
2019-07-30 13:38:54,015 - log.py:24 - tst - 分类
2019-07-30 13:38:54,634 - log.py:24 - tst - 分类OK
2019-07-30 13:38:57,718 - log.py:24 - tst - 分类
2019-07-30 13:38:58,307 - log.py:24 - tst - 分类OK
2019-07-30 13:39:01,364 - log.py:24 - tst - 分类
2019-07-30 13:39:01,716 - log.py:24 - tst - 分类OK
2019-07-30 13:39:15,871 - log.py:24 - tst - 分类
2019-07-30 13:39:20,971 - log.py:24 - tst - 分类OK
2019-07-30 13:39:24,047 - log.py:24 - tst - 分类
2019-07-30 13:39:25,031 - log.py:24 - tst - 分类OK
2019-07-30 13:39:28,093 - log.py:24 - tst - 分类
2019-07-30 13:39:28,593 - log.py:24 - tst - 分类OK
2019-07-30 13:39:31,648 - log.py:24 - tst - 分类
2019-07-30 13:39:32,059 - log.py:24 - tst - 分类OK
2019-07-30 13:39:35,118 - log.py:24 - tst - 分类
2019-07-30 13:39:35,558 - log.py:24 - tst - 分类OK
2019-07-30 14:04:28,902 - log.py:24 - tst - 分类
2019-07-30 14:04:35,780 - log.py:24 - tst - 分类OK
2019-07-30 14:04:38,870 - log.py:24 - tst - 分类
2019-07-30 14:04:39,482 - log.py:24 - tst - 分类OK
2019-07-30 14:04:42,545 - log.py:24 - tst - 分类
2019-07-30 14:04:43,079 - log.py:24 - tst - 分类OK
2019-07-30 14:04:46,137 - log.py:24 - tst - 分类
2019-07-30 14:04:46,499 - log.py:24 - tst - 分类OK
2019-07-30 14:05:00,924 - log.py:24 - tst - 分类
2019-07-30 14:05:07,482 - log.py:24 - tst - 分类OK
2019-07-30 14:05:10,553 - log.py:24 - tst - 分类
2019-07-30 14:05:11,162 - log.py:24 - tst - 分类OK
2019-07-30 14:05:14,220 - log.py:24 - tst - 分类
2019-07-30 14:05:14,858 - log.py:24 - tst - 分类OK
2019-07-30 14:05:17,917 - log.py:24 - tst - 分类
2019-07-30 14:05:18,275 - log.py:24 - tst - 分类OK
2019-07-30 14:05:21,325 - log.py:24 - tst - 分类
2019-07-30 14:05:21,650 - log.py:24 - tst - 分类OK
2019-07-30 14:05:36,342 - log.py:24 - tst - 分类
2019-07-30 14:05:42,748 - log.py:24 - tst - 分类OK
2019-07-30 14:05:45,834 - log.py:24 - tst - 分类
2019-07-30 14:05:46,477 - log.py:24 - tst - 分类OK
2019-07-30 14:07:34,455 - log.py:24 - tst - 分类
2019-07-30 14:07:41,010 - log.py:24 - tst - 分类OK
2019-07-30 14:07:44,110 - log.py:24 - tst - 分类
2019-07-30 14:07:44,733 - log.py:24 - tst - 分类OK
2019-07-30 14:07:47,796 - log.py:24 - tst - 分类
2019-07-30 14:07:48,170 - log.py:24 - tst - 分类OK
2019-07-30 14:07:51,222 - log.py:24 - tst - 分类
2019-07-30 14:07:51,589 - log.py:24 - tst - 分类OK
2019-07-30 15:32:26,158 - log.py:24 - tst - 分类
2019-07-30 15:32:32,841 - log.py:24 - tst - 分类OK
2019-07-30 15:32:40,260 - log.py:24 - tst - 分类
2019-07-30 15:32:42,209 - log.py:24 - tst - 分类OK
2019-07-30 15:32:46,667 - log.py:24 - tst - 分类
2019-07-30 15:32:49,218 - log.py:24 - tst - 分类OK
2019-07-30 15:32:54,952 - log.py:24 - tst - 分类
2019-07-30 15:32:56,515 - log.py:24 - tst - 分类OK
2019-07-30 15:33:14,038 - log.py:24 - tst - 分类
2019-07-30 15:33:20,456 - log.py:24 - tst - 分类OK
2019-07-30 15:33:27,691 - log.py:24 - tst - 分类
2019-07-30 15:33:29,687 - log.py:24 - tst - 分类OK
2019-07-30 15:33:34,200 - log.py:24 - tst - 分类
2019-07-30 15:33:35,593 - log.py:24 - tst - 分类OK
2019-07-30 15:33:40,895 - log.py:24 - tst - 分类
2019-07-30 15:33:43,368 - log.py:24 - tst - 分类OK
2019-07-30 15:33:49,593 - log.py:24 - tst - 分类
2019-07-30 15:33:50,992 - log.py:24 - tst - 分类OK
2019-07-30 15:34:09,697 - log.py:24 - tst - 分类
2019-07-30 15:34:16,148 - log.py:24 - tst - 分类OK
2019-07-30 15:34:23,453 - log.py:24 - tst - 分类
2019-07-30 15:34:25,376 - log.py:24 - tst - 分类OK
2019-07-30 15:34:29,933 - log.py:24 - tst - 分类
2019-07-30 15:34:30,846 - log.py:24 - tst - 分类OK
2019-07-30 15:34:35,370 - log.py:24 - tst - 分类
2019-07-30 15:34:37,891 - log.py:24 - tst - 分类OK
2019-07-30 15:34:43,892 - log.py:24 - tst - 分类
2019-07-30 15:34:45,324 - log.py:24 - tst - 分类OK
2019-07-30 15:35:03,832 - log.py:24 - tst - 分类
2019-07-30 15:35:11,025 - log.py:24 - tst - 分类OK
2019-07-30 15:35:19,778 - log.py:24 - tst - 分类
2019-07-30 15:35:21,831 - log.py:24 - tst - 分类OK
2019-07-30 15:35:26,399 - log.py:24 - tst - 分类
2019-07-30 15:35:27,754 - log.py:24 - tst - 分类OK
2019-07-30 15:35:32,152 - log.py:24 - tst - 分类
2019-07-30 15:35:34,787 - log.py:24 - tst - 分类OK
2019-07-30 15:35:41,053 - log.py:24 - tst - 分类
2019-07-30 15:35:42,461 - log.py:24 - tst - 分类OK
2019-07-30 15:35:59,643 - log.py:24 - tst - 分类
2019-07-30 15:36:06,013 - log.py:24 - tst - 分类OK
2019-07-30 15:36:13,356 - log.py:24 - tst - 分类
2019-07-30 15:36:15,473 - log.py:24 - tst - 分类OK
2019-07-30 15:36:19,939 - log.py:24 - tst - 分类
2019-07-30 15:36:21,036 - log.py:24 - tst - 分类OK
2019-07-30 15:36:25,900 - log.py:24 - tst - 分类
2019-07-30 15:36:28,441 - log.py:24 - tst - 分类OK
2019-07-30 15:36:34,847 - log.py:24 - tst - 分类
2019-07-30 15:36:36,290 - log.py:24 - tst - 分类OK
2019-07-30 15:36:54,349 - log.py:24 - tst - 分类
2019-07-30 15:37:00,822 - log.py:24 - tst - 分类OK
2019-07-30 15:37:09,922 - log.py:24 - tst - 分类
2019-07-30 15:37:11,957 - log.py:24 - tst - 分类OK
2019-07-30 15:37:16,531 - log.py:24 - tst - 分类
2019-07-30 15:37:18,198 - log.py:24 - tst - 分类OK
2019-07-30 15:37:22,948 - log.py:24 - tst - 分类
2019-07-30 15:37:25,528 - log.py:24 - tst - 分类OK
2019-07-30 15:37:31,524 - log.py:24 - tst - 分类
2019-07-30 15:37:33,192 - log.py:24 - tst - 分类OK
2019-07-30 15:37:50,531 - log.py:24 - tst - 分类
2019-07-30 15:37:56,867 - log.py:24 - tst - 分类OK
2019-07-30 15:38:04,061 - log.py:24 - tst - 分类
2019-07-30 15:38:06,027 - log.py:24 - tst - 分类OK
2019-07-30 15:38:10,584 - log.py:24 - tst - 分类
2019-07-30 15:38:12,330 - log.py:24 - tst - 分类OK
2019-07-30 15:38:17,018 - log.py:24 - tst - 分类
2019-07-30 15:38:20,069 - log.py:24 - tst - 分类OK
2019-07-30 15:38:25,375 - log.py:24 - tst - 分类
2019-07-30 15:38:26,667 - log.py:24 - tst - 分类OK
2019-07-30 15:55:06,002 - log.py:24 - tst - 分类
2019-07-30 15:55:12,601 - log.py:24 - tst - 分类OK
2019-07-30 15:55:19,992 - log.py:24 - tst - 分类
2019-07-30 15:55:22,204 - log.py:24 - tst - 分类OK
2019-07-30 15:55:26,759 - log.py:24 - tst - 分类
2019-07-30 15:55:28,724 - log.py:24 - tst - 分类OK
2019-07-30 15:55:34,480 - log.py:24 - tst - 分类
2019-07-30 15:55:35,795 - log.py:24 - tst - 分类OK
2019-07-30 15:55:53,399 - log.py:24 - tst - 分类
2019-07-30 15:56:37,129 - log.py:24 - tst - 分类
2019-07-30 15:56:43,854 - log.py:24 - tst - 分类OK
2019-07-30 15:56:51,242 - log.py:24 - tst - 分类
2019-07-30 15:56:53,244 - log.py:24 - tst - 分类OK
2019-07-30 15:56:57,786 - log.py:24 - tst - 分类
2019-07-30 15:56:59,675 - log.py:24 - tst - 分类OK
2019-07-30 15:57:05,770 - log.py:24 - tst - 分类
2019-07-30 15:57:07,088 - log.py:24 - tst - 分类OK
2019-07-30 16:08:49,677 - log.py:24 - tst - 分类
2019-07-30 16:08:56,321 - log.py:24 - tst - 分类OK
2019-07-30 16:09:22,008 - log.py:24 - tst - 分类
2019-07-30 16:09:28,629 - log.py:24 - tst - 分类OK
2019-07-30 16:09:35,850 - log.py:24 - tst - 分类
2019-07-30 16:09:38,212 - log.py:24 - tst - 分类OK
2019-07-30 16:09:42,803 - log.py:24 - tst - 分类
2019-07-30 16:09:45,305 - log.py:24 - tst - 分类OK
2019-07-30 16:09:51,485 - log.py:24 - tst - 分类
2019-07-30 16:09:52,957 - log.py:24 - tst - 分类OK
2019-07-30 16:10:10,153 - log.py:24 - tst - 分类
2019-07-30 16:10:16,592 - log.py:24 - tst - 分类OK
2019-07-30 16:10:23,877 - log.py:24 - tst - 分类
2019-07-30 16:10:25,346 - log.py:24 - tst - 分类OK
2019-07-30 16:10:29,862 - log.py:24 - tst - 分类
2019-07-30 16:10:31,240 - log.py:24 - tst - 分类OK
2019-07-30 16:10:36,593 - log.py:24 - tst - 分类
2019-07-30 16:10:38,573 - log.py:24 - tst - 分类OK
2019-07-30 16:10:44,841 - log.py:24 - tst - 分类
2019-07-30 16:10:46,154 - log.py:24 - tst - 分类OK
2019-07-30 16:11:04,366 - log.py:24 - tst - 分类
2019-07-30 16:11:11,255 - log.py:24 - tst - 分类OK
2019-07-30 16:11:19,816 - log.py:24 - tst - 分类
2019-07-30 16:11:21,907 - log.py:24 - tst - 分类OK
2019-07-30 16:11:26,390 - log.py:24 - tst - 分类
2019-07-30 16:11:27,826 - log.py:24 - tst - 分类OK
2019-07-30 16:11:32,387 - log.py:24 - tst - 分类
2019-07-30 16:11:34,930 - log.py:24 - tst - 分类OK
2019-07-30 16:11:40,868 - log.py:24 - tst - 分类
2019-07-30 16:11:42,449 - log.py:24 - tst - 分类OK
2019-07-30 16:12:00,640 - log.py:24 - tst - 分类
2019-07-30 16:12:07,140 - log.py:24 - tst - 分类OK
2019-07-30 16:12:14,332 - log.py:24 - tst - 分类
2019-07-30 16:12:16,305 - log.py:24 - tst - 分类OK
2019-07-30 16:12:20,889 - log.py:24 - tst - 分类
2019-07-30 16:12:21,926 - log.py:24 - tst - 分类OK
2019-07-30 16:12:26,381 - log.py:24 - tst - 分类
2019-07-30 16:12:28,958 - log.py:24 - tst - 分类OK
2019-07-30 16:12:35,243 - log.py:24 - tst - 分类
2019-07-30 16:12:36,551 - log.py:24 - tst - 分类OK
2019-07-30 16:12:53,990 - log.py:24 - tst - 分类
2019-07-30 16:13:00,261 - log.py:24 - tst - 分类OK
2019-07-30 16:13:07,564 - log.py:24 - tst - 分类
2019-07-30 16:13:10,400 - log.py:24 - tst - 分类OK
2019-07-30 16:13:14,914 - log.py:24 - tst - 分类
2019-07-30 16:13:16,575 - log.py:24 - tst - 分类OK
2019-07-30 16:13:21,335 - log.py:24 - tst - 分类
2019-07-30 16:13:23,233 - log.py:24 - tst - 分类OK
2019-07-30 16:13:29,396 - log.py:24 - tst - 分类
2019-07-30 16:13:30,702 - log.py:24 - tst - 分类OK
2019-07-30 16:13:48,315 - log.py:24 - tst - 分类
2019-07-30 16:13:54,908 - log.py:24 - tst - 分类OK
2019-07-30 16:14:02,129 - log.py:24 - tst - 分类
2019-07-30 16:14:04,063 - log.py:24 - tst - 分类OK
2019-07-30 16:14:08,534 - log.py:24 - tst - 分类
2019-07-30 16:14:10,169 - log.py:24 - tst - 分类OK
2019-07-30 16:14:14,842 - log.py:24 - tst - 分类
2019-07-30 16:14:17,539 - log.py:24 - tst - 分类OK
2019-07-30 16:14:23,370 - log.py:24 - tst - 分类
2019-07-30 16:14:24,666 - log.py:24 - tst - 分类OK
2019-07-30 16:14:41,641 - log.py:24 - tst - 分类
2019-07-30 16:14:48,076 - log.py:24 - tst - 分类OK
2019-07-30 16:14:55,457 - log.py:24 - tst - 分类
2019-07-30 16:14:57,705 - log.py:24 - tst - 分类OK
2019-07-30 16:15:02,357 - log.py:24 - tst - 分类
2019-07-30 16:15:04,067 - log.py:24 - tst - 分类OK
2019-07-30 16:15:08,757 - log.py:24 - tst - 分类
2019-07-30 16:15:11,236 - log.py:24 - tst - 分类OK
2019-07-30 16:15:17,274 - log.py:24 - tst - 分类
2019-07-30 16:15:18,625 - log.py:24 - tst - 分类OK
2019-07-30 16:35:25,272 - log.py:24 - tst - 蜂巢
2019-07-30 16:35:32,724 - log.py:24 - tst - 蜂巢OK
2019-07-30 16:36:27,409 - log.py:24 - tst - 蜂巢
2019-07-30 16:36:33,774 - log.py:24 - tst - 蜂巢OK
2019-07-30 16:36:44,479 - log.py:24 - tst - 蜂巢
2019-07-30 16:36:45,224 - log.py:24 - tst - 蜂巢OK
2019-08-01 11:21:17,718 - log.py:24 - tst - 我的
2019-08-01 11:21:21,495 - log.py:24 - tst - 我的OK
2019-08-01 11:22:12,730 - log.py:24 - tst - 我的
2019-08-01 11:22:16,416 - log.py:24 - tst - 我的OK
2019-08-01 11:23:28,092 - log.py:24 - tst - 我的
2019-08-01 11:23:31,969 - log.py:24 - tst - 我的OK
2019-08-01 11:23:40,211 - log.py:24 - tst - 我的
2019-08-01 11:23:40,378 - log.py:24 - tst - 我的OK
2019-08-01 11:23:47,826 - log.py:24 - tst - 我的
2019-08-01 11:23:47,927 - log.py:24 - tst - 我的OK
2019-08-01 11:23:54,370 - log.py:24 - tst - 我的
2019-08-01 11:23:55,570 - log.py:24 - tst - 我的OK
2019-08-01 11:24:03,682 - log.py:24 - tst - 我的
2019-08-01 11:25:27,125 - log.py:24 - tst - 我的
2019-08-01 11:25:31,114 - log.py:24 - tst - 我的OK
2019-08-01 11:25:40,758 - log.py:24 - tst - 我的
2019-08-01 11:25:40,905 - log.py:24 - tst - 我的OK
2019-08-01 11:25:48,753 - log.py:24 - tst - 我的
2019-08-01 11:25:48,863 - log.py:24 - tst - 我的OK
2019-08-01 11:25:55,294 - log.py:24 - tst - 我的
2019-08-01 11:25:56,379 - log.py:24 - tst - 我的OK
2019-08-01 11:26:04,367 - log.py:24 - tst - 我的
2019-08-01 11:27:38,877 - log.py:24 - tst - 我的
2019-08-01 11:27:42,902 - log.py:24 - tst - 我的OK
2019-08-01 11:27:52,821 - log.py:24 - tst - 我的
2019-08-01 11:27:52,984 - log.py:24 - tst - 我的OK
2019-08-01 11:28:00,930 - log.py:24 - tst - 我的
2019-08-01 11:28:01,181 - log.py:24 - tst - 我的OK
2019-08-01 11:28:07,516 - log.py:24 - tst - 我的
2019-08-01 11:28:08,663 - log.py:24 - tst - 我的OK
2019-08-01 11:28:16,578 - log.py:24 - tst - 我的
2019-08-01 11:28:16,626 - log.py:24 - tst - 我的OK
2019-08-01 11:28:22,772 - log.py:24 - tst - 我的
2019-08-01 11:28:23,425 - log.py:24 - tst - 我的OK
2019-08-01 11:28:31,331 - log.py:24 - tst - 我的
2019-08-01 11:30:23,675 - log.py:24 - tst - 我的
2019-08-01 11:30:27,811 - log.py:24 - tst - 我的OK
2019-08-01 11:30:37,489 - log.py:24 - tst - 我的
2019-08-01 11:30:37,629 - log.py:24 - tst - 我的OK
2019-08-01 11:30:45,496 - log.py:24 - tst - 我的
2019-08-01 11:30:45,606 - log.py:24 - tst - 我的OK
2019-08-01 11:30:52,009 - log.py:24 - tst - 我的
2019-08-01 11:30:53,168 - log.py:24 - tst - 我的OK
2019-08-01 11:31:01,615 - log.py:24 - tst - 我的
2019-08-01 11:31:01,669 - log.py:24 - tst - 我的OK
2019-08-01 11:31:07,855 - log.py:24 - tst - 我的
2019-08-01 11:31:08,450 - log.py:24 - tst - 我的OK
2019-08-01 11:31:16,271 - log.py:24 - tst - 我的
2019-08-01 11:31:59,671 - log.py:24 - tst - 我的
2019-08-01 11:32:43,825 - log.py:24 - tst - 我的
2019-08-01 11:33:25,839 - log.py:24 - tst - 我的
2019-08-01 11:33:29,708 - log.py:24 - tst - 我的OK
2019-08-01 11:33:38,147 - log.py:24 - tst - 我的
2019-08-01 11:33:39,382 - log.py:24 - tst - 我的OK
2019-08-01 11:33:46,756 - log.py:24 - tst - 我的
2019-08-01 11:33:47,042 - log.py:24 - tst - 我的OK
2019-08-01 11:33:53,245 - log.py:24 - tst - 我的
2019-08-01 11:33:53,861 - log.py:24 - tst - 我的OK
2019-08-01 11:34:01,315 - log.py:24 - tst - 我的
2019-08-01 11:34:01,426 - log.py:24 - tst - 我的OK
2019-08-01 11:36:36,028 - log.py:24 - tst - 我的
2019-08-01 11:36:42,353 - log.py:24 - tst - 我的OK
2019-08-01 11:36:50,709 - log.py:24 - tst - 我的
2019-08-01 11:36:51,908 - log.py:24 - tst - 我的OK
2019-08-01 11:36:59,299 - log.py:24 - tst - 我的
2019-08-01 11:36:59,651 - log.py:24 - tst - 我的OK
2019-08-01 11:37:05,847 - log.py:24 - tst - 我的
2019-08-01 11:37:06,516 - log.py:24 - tst - 我的OK
2019-08-01 11:37:13,923 - log.py:24 - tst - 我的
2019-08-01 11:37:14,041 - log.py:24 - tst - 我的OK
2019-08-01 11:37:20,782 - log.py:24 - tst - 我的
2019-08-01 11:37:21,370 - log.py:24 - tst - 我的OK
2019-08-01 11:37:28,550 - log.py:24 - tst - 我的
2019-08-01 11:37:31,911 - log.py:24 - tst - 我的OK
2019-08-01 11:37:45,393 - log.py:24 - tst - 我的
2019-08-01 11:37:45,849 - log.py:24 - tst - 我的OK
2019-08-01 11:37:53,140 - log.py:24 - tst - 我的
2019-08-01 11:37:53,536 - log.py:24 - tst - 我的OK
2019-08-01 11:38:01,676 - log.py:24 - tst - 我的
2019-08-01 11:38:02,136 - log.py:24 - tst - 我的OK
2019-08-01 11:38:09,325 - log.py:24 - tst - 我的
2019-08-01 11:39:49,444 - log.py:24 - tst - 我的
2019-08-01 11:39:55,789 - log.py:24 - tst - 我的OK
2019-08-01 11:40:04,156 - log.py:24 - tst - 我的
2019-08-01 11:40:05,368 - log.py:24 - tst - 我的OK
2019-08-01 11:40:12,787 - log.py:24 - tst - 我的
2019-08-01 11:40:13,084 - log.py:24 - tst - 我的OK
2019-08-01 11:40:19,673 - log.py:24 - tst - 我的
2019-08-01 11:40:20,323 - log.py:24 - tst - 我的OK
2019-08-01 11:40:27,627 - log.py:24 - tst - 我的
2019-08-01 11:40:30,557 - log.py:24 - tst - 我的OK
2019-08-01 11:40:36,935 - log.py:24 - tst - 我的
2019-08-01 11:40:37,471 - log.py:24 - tst - 我的OK
2019-08-01 11:40:44,810 - log.py:24 - tst - 我的
2019-08-01 11:40:45,073 - log.py:24 - tst - 我的OK
2019-08-01 11:40:51,255 - log.py:24 - tst - 我的
2019-08-01 11:40:51,722 - log.py:24 - tst - 我的OK
2019-08-01 11:40:59,053 - log.py:24 - tst - 我的
2019-08-01 11:40:59,110 - log.py:24 - tst - 我的OK
2019-08-01 11:41:05,464 - log.py:24 - tst - 我的
2019-08-01 11:41:05,566 - log.py:24 - tst - 我的OK
2019-08-01 11:41:12,848 - log.py:24 - tst - 我的
2019-08-01 11:41:12,905 - log.py:24 - tst - 我的OK
2019-08-01 11:41:19,039 - log.py:24 - tst - 我的
2019-08-01 11:41:19,149 - log.py:24 - tst - 我的OK
2019-08-01 11:41:26,424 - log.py:24 - tst - 我的
2019-08-01 11:41:26,472 - log.py:24 - tst - 我的OK
2019-08-01 11:41:32,577 - log.py:24 - tst - 我的
2019-08-01 11:41:32,701 - log.py:24 - tst - 我的OK
2019-08-01 11:41:39,964 - log.py:24 - tst - 我的
2019-08-01 11:41:40,005 - log.py:24 - tst - 我的OK
2019-08-01 11:41:46,110 - log.py:24 - tst - 我的
2019-08-01 11:41:46,240 - log.py:24 - tst - 我的OK
2019-08-01 11:41:53,590 - log.py:24 - tst - 我的
2019-08-01 11:41:53,659 - log.py:24 - tst - 我的OK
2019-08-01 11:41:59,783 - log.py:24 - tst - 我的
2019-08-01 11:41:59,941 - log.py:24 - tst - 我的OK
2019-08-01 11:42:07,230 - log.py:24 - tst - 我的
2019-08-01 11:42:07,279 - log.py:24 - tst - 我的OK
2019-08-01 11:42:14,690 - log.py:24 - tst - 我的
2019-08-01 11:42:15,135 - log.py:24 - tst - 我的OK
2019-08-01 11:42:21,575 - log.py:24 - tst - 我的
2019-08-01 11:42:28,809 - log.py:24 - tst - 我的OK
2019-08-01 11:42:35,811 - log.py:24 - tst - 我的
2019-08-01 11:42:36,350 - log.py:24 - tst - 我的OK
2019-08-01 11:42:42,770 - log.py:24 - tst - 我的
2019-08-01 11:42:45,934 - log.py:24 - tst - 我的OK
2019-08-01 11:42:52,963 - log.py:24 - tst - 我的
2019-08-01 11:42:53,379 - log.py:24 - tst - 我的OK
2019-08-01 11:42:59,890 - log.py:24 - tst - 我的
2019-08-01 11:42:59,979 - log.py:24 - tst - 我的OK
2019-08-01 11:43:06,356 - log.py:24 - tst - 我的
2019-08-01 11:43:06,842 - log.py:24 - tst - 我的OK
2019-08-01 11:43:13,279 - log.py:24 - tst - 我的
2019-08-01 11:44:04,745 - log.py:24 - tst - 我的
2019-08-01 11:44:10,823 - log.py:24 - tst - 我的OK
2019-08-01 11:44:19,356 - log.py:24 - tst - 我的
2019-08-01 11:44:20,537 - log.py:24 - tst - 我的OK
2019-08-01 11:44:27,962 - log.py:24 - tst - 我的
2019-08-01 11:44:28,021 - log.py:24 - tst - 我的OK
2019-08-01 11:44:34,315 - log.py:24 - tst - 我的
2019-08-01 11:45:14,866 - log.py:24 - tst - 我的
2019-08-01 11:45:21,434 - log.py:24 - tst - 我的OK
2019-08-01 11:45:31,225 - log.py:24 - tst - 我的
2019-08-01 11:45:32,463 - log.py:24 - tst - 我的OK
2019-08-01 11:45:39,035 - log.py:24 - tst - 我的
2019-08-01 11:45:39,095 - log.py:24 - tst - 我的OK
2019-08-01 11:45:45,458 - log.py:24 - tst - 我的
2019-08-01 11:45:46,122 - log.py:24 - tst - 我的OK
2019-08-01 11:45:52,703 - log.py:24 - tst - 我的
2019-08-01 11:45:55,586 - log.py:24 - tst - 我的OK
2019-08-01 11:46:03,185 - log.py:24 - tst - 我的
2019-08-01 11:46:03,742 - log.py:24 - tst - 我的OK
2019-08-01 11:46:10,319 - log.py:24 - tst - 我的
2019-08-01 11:46:57,606 - log.py:24 - tst - 我的
2019-08-01 11:47:04,613 - log.py:24 - tst - 我的OK
2019-08-01 11:47:14,453 - log.py:24 - tst - 我的
2019-08-01 11:47:15,708 - log.py:24 - tst - 我的OK
2019-08-01 11:47:22,372 - log.py:24 - tst - 我的
2019-08-01 11:47:22,420 - log.py:24 - tst - 我的OK
2019-08-01 11:47:33,495 - log.py:24 - tst - 我的
2019-08-01 11:47:34,171 - log.py:24 - tst - 我的OK
2019-08-01 11:47:40,771 - log.py:24 - tst - 我的
2019-08-01 11:47:40,882 - log.py:24 - tst - 我的OK
2019-08-01 11:50:34,117 - log.py:24 - tst - 我的
2019-08-01 11:50:38,753 - log.py:24 - tst - 我的OK
2019-08-01 11:50:45,088 - log.py:24 - tst - 我的
2019-08-01 11:50:46,993 - log.py:24 - tst - 我的OK
2019-08-01 11:50:54,118 - log.py:24 - tst - 我的
2019-08-01 11:58:34,427 - log.py:24 - tst - 我的
2019-08-01 11:58:40,222 - log.py:24 - tst - 我的OK
2019-08-01 11:58:46,566 - log.py:24 - tst - 我的
2019-08-01 11:58:49,532 - log.py:24 - tst - 我的OK
2019-08-01 11:58:58,251 - log.py:24 - tst - 我的
2019-08-01 12:06:07,526 - log.py:24 - tst - 我的
2019-08-01 12:06:13,428 - log.py:24 - tst - 我的OK
2019-08-01 12:06:21,005 - log.py:24 - tst - 我的
2019-08-01 12:06:56,181 - log.py:24 - tst - 我的
2019-08-01 12:08:52,697 - log.py:24 - tst - 我的
2019-08-01 12:08:59,069 - log.py:24 - tst - 我的OK
2019-08-01 12:09:08,834 - log.py:24 - tst - 我的
2019-08-01 14:16:09,665 - log.py:24 - tst - 我的
2019-08-01 14:16:15,995 - log.py:24 - tst - 我的OK
2019-08-01 14:23:27,243 - log.py:24 - tst - 我的
2019-08-01 14:23:33,525 - log.py:24 - tst - 我的OK
2019-08-01 14:23:45,631 - log.py:24 - tst - 我的
2019-08-01 14:23:45,800 - log.py:24 - tst - 我的OK
2019-08-01 15:10:01,463 - log.py:24 - tst - 我的
2019-08-01 15:10:08,313 - log.py:24 - tst - 我的OK
2019-08-01 15:10:19,416 - log.py:24 - tst - 我的
2019-08-01 17:51:37,984 - log.py:24 - tst - 我的
2019-08-01 17:51:56,900 - log.py:24 - tst - 我的
2019-08-01 17:52:03,436 - log.py:24 - tst - 我的OK
2019-08-01 17:52:11,970 - log.py:24 - tst - 我的
2019-08-01 17:52:13,774 - log.py:24 - tst - 我的OK
2019-08-01 17:52:32,245 - log.py:24 - tst - 我的
2019-08-01 17:52:32,306 - log.py:24 - tst - 我的OK
2019-08-01 17:52:55,196 - log.py:24 - tst - 我的
2019-08-01 17:53:01,919 - log.py:24 - tst - 我的OK
2019-08-01 17:53:10,967 - log.py:24 - tst - 我的
2019-08-01 17:53:15,358 - log.py:24 - tst - 我的OK
2019-08-01 17:53:38,130 - log.py:24 - tst - 我的
2019-08-01 17:53:38,189 - log.py:24 - tst - 我的OK
2019-08-02 11:02:10,798 - log.py:24 - tst - 消息
2019-08-02 11:02:14,729 - log.py:24 - tst - 消息OK
2019-08-02 11:02:23,221 - log.py:24 - tst - 消息
2019-08-02 11:02:23,363 - log.py:24 - tst - 消息OK
2019-08-02 11:02:29,880 - log.py:24 - tst - 消息
2019-08-02 11:02:29,979 - log.py:24 - tst - 消息OK
2019-08-02 11:02:36,026 - log.py:24 - tst - 消息
2019-08-02 11:02:36,091 - log.py:24 - tst - 消息OK
2019-08-02 11:02:42,378 - log.py:24 - tst - 消息
2019-08-02 11:02:42,440 - log.py:24 - tst - 消息OK
2019-08-02 11:02:48,610 - log.py:24 - tst - 消息
2019-08-02 11:02:48,997 - log.py:24 - tst - 消息OK
2019-08-02 11:02:55,418 - log.py:24 - tst - 消息
2019-08-02 11:02:55,479 - log.py:24 - tst - 消息OK
2019-08-02 11:03:01,538 - log.py:24 - tst - 消息
2019-08-02 11:03:01,604 - log.py:24 - tst - 消息OK
2019-08-02 11:03:07,931 - log.py:24 - tst - 消息
2019-08-02 11:03:49,560 - log.py:24 - tst - 搜索
2019-08-02 11:03:53,037 - log.py:24 - tst - 搜索OK
2019-08-02 11:04:01,639 - log.py:24 - tst - 搜索
2019-08-02 11:07:18,004 - log.py:24 - tst - 搜索
2019-08-02 11:07:21,958 - log.py:24 - tst - 搜索OK
2019-08-02 11:07:30,352 - log.py:24 - tst - 搜索
2019-08-02 11:20:01,874 - log.py:24 - tst - 搜索
2019-08-02 11:20:05,604 - log.py:24 - tst - 搜索OK
2019-08-02 11:22:11,865 - log.py:24 - tst - 搜索
2019-08-02 11:22:15,857 - log.py:24 - tst - 搜索OK
2019-08-02 11:22:24,296 - log.py:24 - tst - 搜索
2019-08-02 11:22:24,353 - log.py:24 - tst - 搜索OK
2019-08-02 11:40:10,540 - log.py:26 - tst - 搜索
2019-08-02 11:40:16,762 - log.py:26 - tst - 搜索OK
2019-08-02 11:40:25,482 - log.py:26 - tst - 搜索
2019-08-02 11:40:25,544 - log.py:26 - tst - 搜索OK
2019-08-02 11:41:19,031 - log.py:26 - tst - 搜索
2019-08-02 11:41:25,267 - log.py:26 - tst - 搜索OK
2019-08-02 11:41:33,884 - log.py:26 - tst - 搜索
2019-08-02 11:41:33,960 - log.py:26 - tst - 搜索OK
2019-08-02 11:42:22,652 - log.py:26 - tst - 搜索
2019-08-02 11:42:28,849 - log.py:26 - tst - 搜索OK
2019-08-02 11:42:37,666 - log.py:26 - tst - 搜索
2019-08-02 11:42:37,722 - log.py:26 - tst - 搜索OK
2019-08-02 11:47:57,179 - log.py:26 - tst - 搜索
2019-08-02 11:48:01,956 - log.py:26 - tst - 搜索OK
2019-08-02 11:48:08,153 - log.py:26 - tst - 搜索
2019-08-02 11:48:08,221 - log.py:26 - tst - 搜索OK
2019-08-02 11:49:30,972 - log.py:26 - tst - 搜索
2019-08-02 11:49:36,126 - log.py:26 - tst - 搜索OK
2019-08-02 11:49:42,268 - log.py:26 - tst - 搜索
2019-08-02 11:49:42,361 - log.py:26 - tst - 搜索OK
2019-08-02 11:50:54,663 - log.py:26 - tst - 搜索
2019-08-02 11:51:00,722 - log.py:26 - tst - 搜索OK
2019-08-02 11:51:10,938 - log.py:26 - tst - 搜索
2019-08-02 11:51:11,010 - log.py:26 - tst - 搜索OK
2019-08-02 11:51:44,069 - log.py:26 - tst - 搜索
2019-08-02 11:51:50,479 - log.py:26 - tst - 搜索OK
2019-08-02 11:51:59,129 - log.py:26 - tst - 搜索
2019-08-02 11:51:59,221 - log.py:26 - tst - 搜索OK
2019-08-02 11:55:18,722 - log.py:26 - tst - 搜索
2019-08-02 11:55:25,250 - log.py:26 - tst - 搜索OK
2019-08-02 11:55:33,963 - log.py:26 - tst - 搜索
2019-08-02 11:55:34,028 - log.py:26 - tst - 搜索OK
2019-08-02 11:55:40,750 - log.py:26 - tst - 搜索
2019-08-02 11:55:40,817 - log.py:26 - tst - 搜索OK
2019-08-02 11:57:29,004 - log.py:26 - tst - 搜索
2019-08-02 11:57:35,445 - log.py:26 - tst - 搜索OK
2019-08-02 11:57:44,105 - log.py:26 - tst - 搜索
2019-08-02 11:57:44,161 - log.py:26 - tst - 搜索OK
2019-08-02 11:57:50,884 - log.py:26 - tst - 搜索
2019-08-02 11:57:50,993 - log.py:26 - tst - 搜索OK
2019-08-02 11:59:06,196 - log.py:26 - tst - 搜索
2019-08-02 11:59:11,337 - log.py:26 - tst - 搜索OK
2019-08-02 11:59:17,997 - log.py:26 - tst - 搜索
2019-08-02 11:59:18,049 - log.py:26 - tst - 搜索OK
2019-08-02 11:59:25,205 - log.py:26 - tst - 搜索
2019-08-02 11:59:25,269 - log.py:26 - tst - 搜索OK
2019-08-02 12:07:04,811 - log.py:26 - tst - 搜索
2019-08-02 12:07:11,329 - log.py:26 - tst - 搜索OK
2019-08-02 12:07:20,120 - log.py:26 - tst - 搜索
2019-08-02 12:07:20,176 - log.py:26 - tst - 搜索OK
2019-08-02 12:07:26,350 - log.py:26 - tst - 搜索
2019-08-02 12:07:26,436 - log.py:26 - tst - 搜索OK
2019-08-02 14:17:56,183 - log.py:26 - tst - 搜索
2019-08-05 12:01:11,672 - log.py:28 - tst
2019-08-05 12:01:16,249 - log.py:28 - tst
2019-08-05 12:01:23,182 - log.py:28 - tst
2019-08-05 12:01:23,766 - log.py:28 - tst
2019-08-05 12:02:24,344 - log.py:28 - tst
2019-08-05 12:02:28,998 - log.py:28 - tst
2019-08-05 12:02:35,806 - log.py:28 - tst
2019-08-05 12:02:36,444 - log.py:28 - tst
2019-08-05 12:02:42,359 - log.py:28 - tst
2019-08-05 12:02:42,453 - log.py:28 - tst
2019-08-05 12:02:48,287 - log.py:28 - tst
2019-08-05 12:02:48,346 - log.py:28 - tst
2019-08-05 12:03:37,298 - log.py:28 - tst
2019-08-05 12:03:41,987 - log.py:28 - tst
2019-08-05 12:03:48,761 - log.py:28 - tst
2019-08-05 12:03:49,365 - log.py:28 - tst
2019-08-05 12:03:55,244 - log.py:28 - tst
2019-08-05 12:03:55,342 - log.py:28 - tst
2019-08-05 12:04:01,223 - log.py:28 - tst
2019-08-05 12:04:01,609 - log.py:28 - tst
2019-08-05 14:33:49,419 - log.py:28 - tst
2019-08-05 14:33:49,517 - log.py:28 - tst
2019-08-05 14:33:56,506 - log.py:28 - tst
2019-08-05 14:33:57,096 - log.py:28 - tst
2019-08-05 14:34:03,119 - log.py:28 - tst
2019-08-05 14:34:03,175 - log.py:28 - tst
2019-08-05 14:34:09,049 - log.py:28 - tst
2019-08-05 14:34:09,100 - log.py:28 - tst
2019-08-05 14:36:50,089 - log.py:28 - tst
2019-08-05 14:36:50,175 - log.py:28 - tst
2019-08-05 14:36:57,027 - log.py:28 - tst
2019-08-05 14:36:57,621 - log.py:28 - tst
2019-08-05 14:41:12,986 - log.py:28 - tst
2019-08-05 14:41:13,116 - log.py:28 - tst
2019-08-05 14:41:20,057 - log.py:28 - tst
2019-08-05 14:41:20,640 - log.py:28 - tst
2019-08-05 14:41:26,498 - log.py:28 - tst
2019-08-05 14:41:26,560 - log.py:28 - tst
2019-08-05 14:41:32,462 - log.py:28 - tst
2019-08-05 14:41:32,500 - log.py:28 - tst
2019-08-05 15:32:15,519 - log.py:28 - tst
2019-08-05 15:32:15,632 - log.py:28 - tst
2019-08-05 15:32:22,571 - log.py:28 - tst
2019-08-05 15:32:23,185 - log.py:28 - tst
2019-08-05 15:32:29,097 - log.py:28 - tst
2019-08-05 15:32:29,158 - log.py:28 - tst
2019-08-05 15:32:34,506 - log.py:28 - tst
2019-08-05 15:32:34,574 - log.py:28 - tst
2019-08-05 15:34:57,740 - log.py:28 - tst
2019-08-05 15:34:57,849 - log.py:28 - tst
2019-08-05 15:35:20,693 - log.py:28 - tst
2019-08-05 15:35:25,321 - log.py:28 - tst
2019-08-05 15:35:32,329 - log.py:28 - tst
2019-08-05 15:35:32,912 - log.py:28 - tst
2019-08-05 15:35:38,919 - log.py:28 - tst
2019-08-05 15:35:39,019 - log.py:28 - tst
2019-08-05 15:35:44,459 - log.py:28 - tst
2019-08-05 15:35:44,529 - log.py:28 - tst
2019-08-05 15:36:33,324 - log.py:28 - tst
2019-08-05 15:36:37,991 - log.py:28 - tst
2019-08-05 15:36:44,844 - log.py:28 - tst
2019-08-05 15:36:45,492 - log.py:28 - tst
2019-08-05 15:36:51,756 - log.py:28 - tst
2019-08-05 15:36:51,849 - log.py:28 - tst
2019-08-05 15:36:57,687 - log.py:28 - tst
2019-08-05 15:36:57,773 - log.py:28 - tst
2019-08-05 16:08:08,525 - log.py:28 - tst
2019-08-05 16:08:13,210 - log.py:28 - tst
2019-08-05 16:08:20,081 - log.py:28 - tst
2019-08-05 16:08:20,720 - log.py:28 - tst
2019-08-05 16:08:26,683 - log.py:28 - tst
2019-08-05 16:08:26,767 - log.py:28 - tst
2019-08-05 16:08:32,592 - log.py:28 - tst
2019-08-05 16:08:32,645 - log.py:28 - tst
2019-08-05 16:16:32,007 - log.py:28 - tst
2019-08-05 16:16:36,605 - log.py:28 - tst
2019-08-05 16:16:43,476 - log.py:28 - tst
2019-08-05 16:16:44,080 - log.py:28 - tst
2019-08-05 16:16:49,977 - log.py:28 - tst
2019-08-05 16:16:50,051 - log.py:28 - tst
2019-08-05 16:16:55,882 - log.py:28 - tst
2019-08-05 16:16:55,949 - log.py:28 - tst
2019-08-05 16:18:57,608 - log.py:28 - tst
2019-08-05 16:19:02,232 - log.py:28 - tst
2019-08-05 16:19:09,002 - log.py:28 - tst
2019-08-05 16:19:09,616 - log.py:28 - tst
2019-08-05 16:19:15,533 - log.py:28 - tst
2019-08-05 16:19:15,587 - log.py:28 - tst
2019-08-05 16:19:21,405 - log.py:28 - tst
2019-08-05 16:19:21,481 - log.py:28 - tst
2019-08-05 16:31:12,637 - log.py:28 - tst
2019-08-05 16:31:17,813 - log.py:28 - tst
2019-08-05 16:31:24,627 - log.py:28 - tst
2019-08-05 16:31:25,254 - log.py:28 - tst
2019-08-05 16:31:31,243 - log.py:28 - tst
2019-08-05 16:31:31,331 - log.py:28 - tst
2019-08-05 16:31:36,688 - log.py:28 - tst
2019-08-05 16:31:36,743 - log.py:28 - tst
2019-08-05 16:32:44,870 - log.py:28 - tst
2019-08-05 16:32:49,535 - log.py:28 - tst
2019-08-05 16:32:56,397 - log.py:28 - tst
2019-08-05 16:32:57,004 - log.py:28 - tst
2019-08-05 16:33:03,067 - log.py:28 - tst
2019-08-05 16:33:03,151 - log.py:28 - tst
2019-08-05 16:33:08,488 - log.py:28 - tst
2019-08-05 16:33:08,590 - log.py:28 - tst
2019-08-05 16:36:36,842 - log.py:28 - tst
2019-08-05 16:36:41,999 - log.py:28 - tst
2019-08-05 16:36:48,797 - log.py:28 - tst
2019-08-05 16:36:49,410 - log.py:28 - tst
2019-08-05 16:36:55,354 - log.py:28 - tst
2019-08-05 16:36:55,430 - log.py:28 - tst
2019-08-05 16:37:01,298 - log.py:28 - tst
2019-08-05 16:37:01,465 - log.py:28 - tst
2019-08-05 16:50:08,182 - log.py:28 - tst
2019-08-05 16:50:12,840 - log.py:28 - tst
2019-08-05 16:50:19,767 - log.py:28 - tst
2019-08-05 16:50:20,376 - log.py:28 - tst
2019-08-05 16:50:26,225 - log.py:28 - tst
2019-08-05 16:50:26,280 - log.py:28 - tst
2019-08-05 16:50:32,061 - log.py:28 - tst
2019-08-05 16:50:32,150 - log.py:28 - tst
2019-08-05 16:52:23,861 - log.py:28 - tst
2019-08-05 16:52:29,098 - log.py:28 - tst
2019-08-05 16:52:35,976 - log.py:28 - tst
2019-08-05 16:52:36,595 - log.py:28 - tst
2019-08-05 16:52:42,018 - log.py:28 - tst
2019-08-05 16:52:42,106 - log.py:28 - tst
2019-08-05 16:52:47,480 - log.py:28 - tst
2019-08-05 16:52:47,549 - log.py:28 - tst
2019-08-05 16:57:30,443 - log.py:28 - tst
2019-08-05 16:57:34,972 - log.py:28 - tst
2019-08-05 16:57:41,797 - log.py:28 - tst
2019-08-05 16:57:42,421 - log.py:28 - tst
2019-08-05 16:57:48,351 - log.py:28 - tst
2019-08-05 16:57:48,418 - log.py:28 - tst
2019-08-05 16:57:54,243 - log.py:28 - tst
2019-08-05 16:57:54,307 - log.py:28 - tst
